Log file open, 12/14/19 15:27:13
LogWindows: Failed to load 'aqProf.dll' (GetLastError=126)
LogWindows: File 'aqProf.dll' does not exist
LogWindows: Failed to load 'VtuneApi.dll' (GetLastError=126)
LogWindows: File 'VtuneApi.dll' does not exist
LogWindows: Failed to load 'VtuneApi32e.dll' (GetLastError=126)
LogWindows: File 'VtuneApi32e.dll' does not exist
LogConsoleResponse: Display: Failed to find resolution value strings in scalability ini. Falling back to default.
LogInit: Display: Running engine for game: JingleJamSandwich
LogPlatformFile: Not using cached read wrapper
LogTaskGraph: Started task graph with 5 named threads and 20 total threads with 3 sets of task threads.
LogStats: Stats thread started at 0.143097
LogD3D11RHI: Loaded GFSDK_Aftermath_Lib.x64.dll
LogICUInternationalization: ICU TimeZone Detection - Raw Offset: +0:00, Platform Override: ''
LogPluginManager: Mounting plugin Paper2D
LogPluginManager: Mounting plugin AISupport
LogPluginManager: Mounting plugin LightPropagationVolume
LogPluginManager: Mounting plugin ActorLayerUtilities
LogPluginManager: Mounting plugin AnimationSharing
LogPluginManager: Mounting plugin CLionSourceCodeAccess
LogPluginManager: Mounting plugin CodeLiteSourceCodeAccess
LogPluginManager: Mounting plugin GitSourceControl
LogPluginManager: Mounting plugin KDevelopSourceCodeAccess
LogPluginManager: Mounting plugin NullSourceCodeAccess
LogPluginManager: Mounting plugin PerforceSourceControl
LogPluginManager: Mounting plugin SubversionSourceControl
LogPluginManager: Mounting plugin UObjectPlugin
LogPluginManager: Mounting plugin VisualStudioCodeSourceCodeAccess
LogPluginManager: Mounting plugin VisualStudioSourceCodeAccess
LogPluginManager: Mounting plugin XCodeSourceCodeAccess
LogPluginManager: Mounting plugin AssetManagerEditor
LogPluginManager: Mounting plugin CryptoKeys
LogPluginManager: Mounting plugin CurveEditorTools
LogPluginManager: Mounting plugin DataValidation
LogPluginManager: Mounting plugin FacialAnimation
LogPluginManager: Mounting plugin GameplayTagsEditor
LogPluginManager: Mounting plugin MacGraphicsSwitching
LogPluginManager: Mounting plugin MaterialAnalyzer
LogPluginManager: Mounting plugin MobileLauncherProfileWizard
LogPluginManager: Mounting plugin PluginBrowser
LogPluginManager: Mounting plugin SpeedTreeImporter
LogPluginManager: Mounting plugin DatasmithContent
LogPluginManager: Mounting plugin VariantManagerContent
LogPluginManager: Mounting plugin AlembicImporter
LogPluginManager: Mounting plugin AutomationUtils
LogPluginManager: Mounting plugin BackChannel
LogPluginManager: Mounting plugin CharacterAI
LogPluginManager: Mounting plugin GeometryCache
LogPluginManager: Mounting plugin HTML5Networking
LogPluginManager: Mounting plugin PlatformCrypto
LogPluginManager: Mounting plugin ProxyLODPlugin
LogPluginManager: Mounting plugin SkeletalReduction
LogPluginManager: Mounting plugin MagicLeap
LogPluginManager: Mounting plugin MagicLeapMedia
LogPluginManager: Mounting plugin AndroidMedia
LogPluginManager: Mounting plugin AvfMedia
LogPluginManager: Mounting plugin ImgMedia
LogPluginManager: Mounting plugin MediaCompositing
LogPluginManager: Mounting plugin MediaPlayerEditor
LogPluginManager: Mounting plugin WebMMedia
LogPluginManager: Mounting plugin WmfMedia
LogPluginManager: Mounting plugin TcpMessaging
LogPluginManager: Mounting plugin UdpMessaging
LogPluginManager: Mounting plugin ActorSequence
LogPluginManager: Mounting plugin LevelSequenceEditor
LogPluginManager: Mounting plugin MatineeToLevelSequence
LogPluginManager: Mounting plugin NetcodeUnitTest
LogPluginManager: Mounting plugin NUTUnrealEngine4
LogPluginManager: Mounting plugin OnlineSubsystemGooglePlay
LogPluginManager: Mounting plugin OnlineSubsystemIOS
LogPluginManager: Mounting plugin OnlineSubsystem
LogPluginManager: Mounting plugin OnlineSubsystemNull
LogPluginManager: Mounting plugin OnlineSubsystemUtils
LogPluginManager: Mounting plugin LauncherChunkInstaller
LogPluginManager: Mounting plugin AndroidDeviceProfileSelector
LogPluginManager: Mounting plugin AndroidMoviePlayer
LogPluginManager: Mounting plugin AndroidPermission
LogPluginManager: Mounting plugin AppleImageUtils
LogPluginManager: Mounting plugin AppleMoviePlayer
LogPluginManager: Mounting plugin ArchVisCharacter
LogPluginManager: Mounting plugin AudioCapture
LogPluginManager: Mounting plugin CableComponent
LogPluginManager: Mounting plugin CustomMeshComponent
LogPluginManager: Mounting plugin EditableMesh
LogPluginManager: Mounting plugin ExampleDeviceProfileSelector
LogPluginManager: Mounting plugin GoogleCloudMessaging
LogPluginManager: Mounting plugin IOSDeviceProfileSelector
LogPluginManager: Mounting plugin LinuxDeviceProfileSelector
LogPluginManager: Mounting plugin LocationServicesBPLibrary
LogPluginManager: Mounting plugin MobilePatchingUtils
LogPluginManager: Mounting plugin OculusVR
LogPluginManager: Mounting plugin PhysXVehicles
LogPluginManager: Mounting plugin ProceduralMeshComponent
LogPluginManager: Mounting plugin RuntimePhysXCooking
LogPluginManager: Mounting plugin SignificanceManager
LogPluginManager: Mounting plugin WebMMoviePlayer
LogPluginManager: Mounting plugin WindowsMoviePlayer
LogPluginManager: Mounting plugin ScreenshotTools
LogInit: Using libcurl 7.55.1-DEV
LogInit:  - built for x86_64-pc-win32
LogInit:  - supports SSL with OpenSSL/1.1.1
LogInit:  - supports HTTP deflate (compression) using libz 1.2.8
LogInit:  - other features:
LogInit:      CURL_VERSION_SSL
LogInit:      CURL_VERSION_LIBZ
LogInit:      CURL_VERSION_IPV6
LogInit:      CURL_VERSION_ASYNCHDNS
LogInit:      CURL_VERSION_LARGEFILE
LogInit:      CURL_VERSION_IDN
LogInit:  CurlRequestOptions (configurable via config and command line):
LogInit:  - bVerifyPeer = true  - Libcurl will verify peer certificate
LogInit:  - bUseHttpProxy = false  - Libcurl will NOT use HTTP proxy
LogInit:  - bDontReuseConnections = false  - Libcurl will reuse connections
LogInit:  - MaxHostConnections = 16  - Libcurl will limit the number of connections to a host
LogInit:  - LocalHostAddr = Default
LogInit:  - BufferSize = 65536
LogOnline: OSS: Creating online subsystem instance for: NULL
LogInit: WinSock: version 1.1 (2.2), MaxSocks=32767, MaxUdp=65467
LogInit: Build: ++UE4+Release-4.23-CL-9631420
LogInit: Engine Version: 4.23.1-9631420+++UE4+Release-4.23
LogInit: Compatible Engine Version: 4.23.0-8386587+++UE4+Release-4.23
LogInit: Net CL: 8386587
LogInit: OS: Windows 10 (Release 1903) (), CPU: Intel(R) Core(TM) i5-8600K CPU @ 3.60GHz, GPU: NVIDIA GeForce GTX 1060 6GB
LogInit: Compiled (64-bit): Oct 18 2019 02:07:44
LogInit: Compiled with Visual C++: 19.16.27030.01
LogInit: Build Configuration: DebugGame
LogInit: Branch Name: ++UE4+Release-4.23
LogInit: Command Line:  -debug -game
LogInit: Base Directory: D:/Program Files/Epic Games/UE_4.23/Engine/Binaries/Win64/
LogInit: Installed Engine Build: 1
LogDevObjectVersion: Number of dev versions registered: 23
LogDevObjectVersion:   Dev-Blueprints (B0D832E4-1F89-4F0D-ACCF-7EB736FD4AA2): 10
LogDevObjectVersion:   Dev-Build (E1C64328-A22C-4D53-A36C-8E866417BD8C): 0
LogDevObjectVersion:   Dev-Core (375EC13C-06E4-48FB-B500-84F0262A717E): 3
LogDevObjectVersion:   Dev-Editor (E4B068ED-F494-42E9-A231-DA0B2E46BB41): 34
LogDevObjectVersion:   Dev-Framework (CFFC743F-43B0-4480-9391-14DF171D2073): 35
LogDevObjectVersion:   Dev-Mobile (B02B49B5-BB20-44E9-A304-32B752E40360): 2
LogDevObjectVersion:   Dev-Networking (A4E4105C-59A1-49B5-A7C5-40C4547EDFEE): 0
LogDevObjectVersion:   Dev-Online (39C831C9-5AE6-47DC-9A44-9C173E1C8E7C): 0
LogDevObjectVersion:   Dev-Physics (78F01B33-EBEA-4F98-B9B4-84EACCB95AA2): 0
LogDevObjectVersion:   Dev-Platform (6631380F-2D4D-43E0-8009-CF276956A95A): 0
LogDevObjectVersion:   Dev-Rendering (12F88B9F-8875-4AFC-A67C-D90C383ABD29): 31
LogDevObjectVersion:   Dev-Sequencer (7B5AE74C-D270-4C10-A958-57980B212A5A): 11
LogDevObjectVersion:   Dev-VR (D7296918-1DD6-4BDD-9DE2-64A83CC13884): 2
LogDevObjectVersion:   Dev-LoadTimes (C2A15278-BFE7-4AFE-6C17-90FF531DF755): 1
LogDevObjectVersion:   Private-Geometry (6EACA3D4-40EC-4CC1-B786-8BED09428FC5): 3
LogDevObjectVersion:   Dev-AnimPhys (29E575DD-E0A3-4627-9D10-D276232CDCEA): 17
LogDevObjectVersion:   Dev-Anim (AF43A65D-7FD3-4947-9873-3E8ED9C1BB05): 2
LogDevObjectVersion:   Dev-ReflectionCapture (6B266CEC-1EC7-4B8F-A30B-E4D90942FC07): 1
LogDevObjectVersion:   Dev-Automation (0DF73D61-A23F-47EA-B727-89E90C41499A): 1
LogDevObjectVersion:   FortniteMain (601D1886-AC64-4F84-AA16-D3DE0DEAC7D6): 27
LogDevObjectVersion:   Dev-Enterprise (9DFFBCD6-494F-0158-E221-12823C92A888): 6
LogDevObjectVersion:   Dev-Niagara (F2AED0AC-9AFE-416F-8664-AA7FFA26D6FC): 1
LogDevObjectVersion:   Dev-Destruction (174F1F0B-B4C6-45A5-B13F-2EE8D0FB917D): 9
LogInit: Presizing for max 16777216 objects, including 0 objects not considered by GC, pre-allocating 0 bytes for permanent pool.
LogInit: Object subsystem initialized
LogConfig: Setting CVar [[con.DebugEarlyDefault:1]]
LogConfig: Setting CVar [[r.setres:1280x720]]
[2019.12.14-15.27.13:470][  0]LogConfig: Setting CVar [[con.DebugEarlyDefault:1]]
[2019.12.14-15.27.13:470][  0]LogConfig: Setting CVar [[r.setres:1280x720]]
[2019.12.14-15.27.13:470][  0]LogConfig: Applying CVar settings from Section [/Script/Engine.RendererSettings] File [D:/IsackDumpster2/IsackDumpster/JingleJamSandwich/Saved/Config/Windows/Engine.ini]
[2019.12.14-15.27.13:470][  0]LogConfig: Setting CVar [[r.GPUCrashDebugging:0]]
[2019.12.14-15.27.13:470][  0]LogConfig: Setting CVar [[r.DefaultFeature.AutoExposure.ExtendDefaultLuminanceRange:1]]
[2019.12.14-15.27.13:470][  0]LogConfig: Applying CVar settings from Section [/Script/Engine.RendererOverrideSettings] File [D:/IsackDumpster2/IsackDumpster/JingleJamSandwich/Saved/Config/Windows/Engine.ini]
[2019.12.14-15.27.13:470][  0]LogConfig: Applying CVar settings from Section [/Script/Engine.StreamingSettings] File [D:/IsackDumpster2/IsackDumpster/JingleJamSandwich/Saved/Config/Windows/Engine.ini]
[2019.12.14-15.27.13:470][  0]LogConfig: Setting CVar [[s.MinBulkDataSizeForAsyncLoading:131072]]
[2019.12.14-15.27.13:470][  0]LogConfig: Setting CVar [[s.AsyncLoadingThreadEnabled:0]]
[2019.12.14-15.27.13:471][  0]LogConfig: Setting CVar [[s.EventDrivenLoaderEnabled:1]]
[2019.12.14-15.27.13:471][  0]LogConfig: Setting CVar [[s.WarnIfTimeLimitExceeded:0]]
[2019.12.14-15.27.13:471][  0]LogConfig: Setting CVar [[s.TimeLimitExceededMultiplier:1.5]]
[2019.12.14-15.27.13:471][  0]LogConfig: Setting CVar [[s.TimeLimitExceededMinTime:0.005]]
[2019.12.14-15.27.13:471][  0]LogConfig: Setting CVar [[s.UseBackgroundLevelStreaming:1]]
[2019.12.14-15.27.13:471][  0]LogConfig: Setting CVar [[s.PriorityAsyncLoadingExtraTime:15.0]]
[2019.12.14-15.27.13:471][  0]LogConfig: Setting CVar [[s.LevelStreamingActorsUpdateTimeLimit:5.0]]
[2019.12.14-15.27.13:471][  0]LogConfig: Setting CVar [[s.PriorityLevelStreamingActorsUpdateExtraTime:5.0]]
[2019.12.14-15.27.13:471][  0]LogConfig: Setting CVar [[s.LevelStreamingComponentsRegistrationGranularity:10]]
[2019.12.14-15.27.13:471][  0]LogConfig: Setting CVar [[s.UnregisterComponentsTimeLimit:1.0]]
[2019.12.14-15.27.13:471][  0]LogConfig: Setting CVar [[s.LevelStreamingComponentsUnregistrationGranularity:5]]
[2019.12.14-15.27.13:471][  0]LogConfig: Applying CVar settings from Section [/Script/Engine.GarbageCollectionSettings] File [D:/IsackDumpster2/IsackDumpster/JingleJamSandwich/Saved/Config/Windows/Engine.ini]
[2019.12.14-15.27.13:471][  0]LogConfig: Setting CVar [[gc.MaxObjectsNotConsideredByGC:1]]
[2019.12.14-15.27.13:471][  0]LogConfig: Setting CVar [[gc.SizeOfPermanentObjectPool:0]]
[2019.12.14-15.27.13:471][  0]LogConfig: Setting CVar [[gc.FlushStreamingOnGC:0]]
[2019.12.14-15.27.13:471][  0]LogConfig: Setting CVar [[gc.NumRetriesBeforeForcingGC:10]]
[2019.12.14-15.27.13:471][  0]LogConfig: Setting CVar [[gc.AllowParallelGC:1]]
[2019.12.14-15.27.13:471][  0]LogConfig: Setting CVar [[gc.TimeBetweenPurgingPendingKillObjects:61.1]]
[2019.12.14-15.27.13:471][  0]LogConfig: Setting CVar [[gc.MaxObjectsInEditor:16777216]]
[2019.12.14-15.27.13:471][  0]LogConfig: Setting CVar [[gc.IncrementalBeginDestroyEnabled:1]]
[2019.12.14-15.27.13:471][  0]LogConfig: Setting CVar [[gc.CreateGCClusters:1]]
[2019.12.14-15.27.13:471][  0]LogConfig: Setting CVar [[gc.MinGCClusterSize:5]]
[2019.12.14-15.27.13:471][  0]LogConfig: Setting CVar [[gc.ActorClusteringEnabled:0]]
[2019.12.14-15.27.13:472][  0]LogConfig: Setting CVar [[gc.BlueprintClusteringEnabled:0]]
[2019.12.14-15.27.13:472][  0]LogConfig: Setting CVar [[gc.UseDisregardForGCOnDedicatedServers:0]]
[2019.12.14-15.27.13:472][  0]LogConfig: Applying CVar settings from Section [/Script/Engine.NetworkSettings] File [D:/IsackDumpster2/IsackDumpster/JingleJamSandwich/Saved/Config/Windows/Engine.ini]
[2019.12.14-15.27.13:472][  0]LogConfig: Applying CVar settings from Section [/Script/UnrealEd.CookerSettings] File [D:/IsackDumpster2/IsackDumpster/JingleJamSandwich/Saved/Config/Windows/Engine.ini]
[2019.12.14-15.27.13:479][  0]LogConfig: Applying CVar settings from Section [ViewDistanceQuality@3] File [D:/IsackDumpster2/IsackDumpster/JingleJamSandwich/Saved/Config/Windows/Scalability.ini]
[2019.12.14-15.27.13:479][  0]LogConfig: Setting CVar [[r.SkeletalMeshLODBias:0]]
[2019.12.14-15.27.13:479][  0]LogConfig: Setting CVar [[r.ViewDistanceScale:1.0]]
[2019.12.14-15.27.13:479][  0]LogConfig: Applying CVar settings from Section [AntiAliasingQuality@3] File [D:/IsackDumpster2/IsackDumpster/JingleJamSandwich/Saved/Config/Windows/Scalability.ini]
[2019.12.14-15.27.13:479][  0]LogConfig: Setting CVar [[r.PostProcessAAQuality:4]]
[2019.12.14-15.27.13:480][  0]LogConfig: Applying CVar settings from Section [ShadowQuality@3] File [D:/IsackDumpster2/IsackDumpster/JingleJamSandwich/Saved/Config/Windows/Scalability.ini]
[2019.12.14-15.27.13:480][  0]LogConfig: Setting CVar [[r.LightFunctionQuality:1]]
[2019.12.14-15.27.13:480][  0]LogConfig: Setting CVar [[r.ShadowQuality:5]]
[2019.12.14-15.27.13:480][  0]LogConfig: Setting CVar [[r.Shadow.CSM.MaxCascades:10]]
[2019.12.14-15.27.13:480][  0]LogConfig: Setting CVar [[r.Shadow.MaxResolution:2048]]
[2019.12.14-15.27.13:480][  0]LogConfig: Setting CVar [[r.Shadow.MaxCSMResolution:2048]]
[2019.12.14-15.27.13:480][  0]LogConfig: Setting CVar [[r.Shadow.RadiusThreshold:0.01]]
[2019.12.14-15.27.13:480][  0]LogConfig: Setting CVar [[r.Shadow.DistanceScale:1.0]]
[2019.12.14-15.27.13:480][  0]LogConfig: Setting CVar [[r.Shadow.CSM.TransitionScale:1.0]]
[2019.12.14-15.27.13:480][  0]LogConfig: Setting CVar [[r.Shadow.PreShadowResolutionFactor:1.0]]
[2019.12.14-15.27.13:480][  0]LogConfig: Setting CVar [[r.DistanceFieldShadowing:1]]
[2019.12.14-15.27.13:480][  0]LogConfig: Setting CVar [[r.DistanceFieldAO:1]]
[2019.12.14-15.27.13:480][  0]LogConfig: Setting CVar [[r.AOQuality:2]]
[2019.12.14-15.27.13:480][  0]LogConfig: Setting CVar [[r.VolumetricFog:1]]
[2019.12.14-15.27.13:480][  0]LogConfig: Setting CVar [[r.VolumetricFog.GridPixelSize:8]]
[2019.12.14-15.27.13:480][  0]LogConfig: Setting CVar [[r.VolumetricFog.GridSizeZ:128]]
[2019.12.14-15.27.13:480][  0]LogConfig: Setting CVar [[r.VolumetricFog.HistoryMissSupersampleCount:4]]
[2019.12.14-15.27.13:480][  0]LogConfig: Setting CVar [[r.LightMaxDrawDistanceScale:1]]
[2019.12.14-15.27.13:480][  0]LogConfig: Setting CVar [[r.CapsuleShadows:1]]
[2019.12.14-15.27.13:480][  0]LogConfig: Applying CVar settings from Section [PostProcessQuality@3] File [D:/IsackDumpster2/IsackDumpster/JingleJamSandwich/Saved/Config/Windows/Scalability.ini]
[2019.12.14-15.27.13:480][  0]LogConfig: Setting CVar [[r.MotionBlurQuality:4]]
[2019.12.14-15.27.13:480][  0]LogConfig: Setting CVar [[r.AmbientOcclusionMipLevelFactor:0.4]]
[2019.12.14-15.27.13:480][  0]LogConfig: Setting CVar [[r.AmbientOcclusionMaxQuality:100]]
[2019.12.14-15.27.13:481][  0]LogConfig: Setting CVar [[r.AmbientOcclusionLevels:-1]]
[2019.12.14-15.27.13:481][  0]LogConfig: Setting CVar [[r.AmbientOcclusionRadiusScale:1.0]]
[2019.12.14-15.27.13:481][  0]LogConfig: Setting CVar [[r.DepthOfFieldQuality:2]]
[2019.12.14-15.27.13:481][  0]LogConfig: Setting CVar [[r.RenderTargetPoolMin:400]]
[2019.12.14-15.27.13:481][  0]LogConfig: Setting CVar [[r.LensFlareQuality:2]]
[2019.12.14-15.27.13:481][  0]LogConfig: Setting CVar [[r.SceneColorFringeQuality:1]]
[2019.12.14-15.27.13:481][  0]LogConfig: Setting CVar [[r.EyeAdaptationQuality:2]]
[2019.12.14-15.27.13:481][  0]LogConfig: Setting CVar [[r.BloomQuality:5]]
[2019.12.14-15.27.13:481][  0]LogConfig: Setting CVar [[r.FastBlurThreshold:100]]
[2019.12.14-15.27.13:481][  0]LogConfig: Setting CVar [[r.Upscale.Quality:3]]
[2019.12.14-15.27.13:481][  0]LogConfig: Setting CVar [[r.Tonemapper.GrainQuantization:1]]
[2019.12.14-15.27.13:481][  0]LogConfig: Setting CVar [[r.LightShaftQuality:1]]
[2019.12.14-15.27.13:481][  0]LogConfig: Setting CVar [[r.Filter.SizeScale:1]]
[2019.12.14-15.27.13:481][  0]LogConfig: Setting CVar [[r.Tonemapper.Quality:5]]
[2019.12.14-15.27.13:481][  0]LogConfig: Setting CVar [[r.DOF.Gather.AccumulatorQuality:1        ; higher gathering accumulator quality]]
[2019.12.14-15.27.13:481][  0]LogConfig: Setting CVar [[r.DOF.Gather.PostfilterMethod:1          ; Median3x3 postfilering method]]
[2019.12.14-15.27.13:481][  0]LogConfig: Setting CVar [[r.DOF.Gather.EnableBokehSettings:0       ; no bokeh simulation when gathering]]
[2019.12.14-15.27.13:481][  0]LogConfig: Setting CVar [[r.DOF.Gather.RingCount:4                 ; medium number of samples when gathering]]
[2019.12.14-15.27.13:481][  0]LogConfig: Setting CVar [[r.DOF.Scatter.ForegroundCompositing:1    ; additive foreground scattering]]
[2019.12.14-15.27.13:481][  0]LogConfig: Setting CVar [[r.DOF.Scatter.BackgroundCompositing:2    ; additive background scattering]]
[2019.12.14-15.27.13:481][  0]LogConfig: Setting CVar [[r.DOF.Scatter.EnableBokehSettings:1      ; bokeh simulation when scattering]]
[2019.12.14-15.27.13:481][  0]LogConfig: Setting CVar [[r.DOF.Scatter.MaxSpriteRatio:0.1         ; only a maximum of 10% of scattered bokeh]]
[2019.12.14-15.27.13:481][  0]LogConfig: Setting CVar [[r.DOF.Recombine.Quality:1                ; cheap slight out of focus]]
[2019.12.14-15.27.13:481][  0]LogConfig: Setting CVar [[r.DOF.Recombine.EnableBokehSettings:0    ; no bokeh simulation on slight out of focus]]
[2019.12.14-15.27.13:481][  0]LogConfig: Setting CVar [[r.DOF.TemporalAAQuality:1                ; more stable temporal accumulation]]
[2019.12.14-15.27.13:482][  0]LogConfig: Setting CVar [[r.DOF.Kernel.MaxForegroundRadius:0.025]]
[2019.12.14-15.27.13:482][  0]LogConfig: Setting CVar [[r.DOF.Kernel.MaxBackgroundRadius:0.025]]
[2019.12.14-15.27.13:482][  0]LogConfig: Applying CVar settings from Section [TextureQuality@3] File [D:/IsackDumpster2/IsackDumpster/JingleJamSandwich/Saved/Config/Windows/Scalability.ini]
[2019.12.14-15.27.13:482][  0]LogConfig: Setting CVar [[r.Streaming.MipBias:0]]
[2019.12.14-15.27.13:482][  0]LogConfig: Setting CVar [[r.Streaming.AmortizeCPUToGPUCopy:0]]
[2019.12.14-15.27.13:482][  0]LogConfig: Setting CVar [[r.Streaming.MaxNumTexturesToStreamPerFrame:0]]
[2019.12.14-15.27.13:482][  0]LogConfig: Setting CVar [[r.Streaming.Boost:1]]
[2019.12.14-15.27.13:482][  0]LogConfig: Setting CVar [[r.MaxAnisotropy:8]]
[2019.12.14-15.27.13:482][  0]LogConfig: Setting CVar [[r.Streaming.LimitPoolSizeToVRAM:0]]
[2019.12.14-15.27.13:482][  0]LogConfig: Setting CVar [[r.Streaming.PoolSize:1000]]
[2019.12.14-15.27.13:482][  0]LogConfig: Setting CVar [[r.Streaming.MaxEffectiveScreenSize:0]]
[2019.12.14-15.27.13:482][  0]LogConfig: Applying CVar settings from Section [EffectsQuality@3] File [D:/IsackDumpster2/IsackDumpster/JingleJamSandwich/Saved/Config/Windows/Scalability.ini]
[2019.12.14-15.27.13:482][  0]LogConfig: Setting CVar [[r.TranslucencyLightingVolumeDim:64]]
[2019.12.14-15.27.13:482][  0]LogConfig: Setting CVar [[r.RefractionQuality:2]]
[2019.12.14-15.27.13:482][  0]LogConfig: Setting CVar [[r.SSR.Quality:3]]
[2019.12.14-15.27.13:482][  0]LogConfig: Setting CVar [[r.SceneColorFormat:4]]
[2019.12.14-15.27.13:482][  0]LogConfig: Setting CVar [[r.DetailMode:2]]
[2019.12.14-15.27.13:482][  0]LogConfig: Setting CVar [[r.TranslucencyVolumeBlur:1]]
[2019.12.14-15.27.13:482][  0]LogConfig: Setting CVar [[r.MaterialQualityLevel:1 ; High quality]]
[2019.12.14-15.27.13:482][  0]LogConfig: Setting CVar [[r.SSS.Scale:1]]
[2019.12.14-15.27.13:482][  0]LogConfig: Setting CVar [[r.SSS.SampleSet:2]]
[2019.12.14-15.27.13:482][  0]LogConfig: Setting CVar [[r.SSS.Quality:1]]
[2019.12.14-15.27.13:482][  0]LogConfig: Setting CVar [[r.SSS.HalfRes:1]]
[2019.12.14-15.27.13:482][  0]LogConfig: Setting CVar [[r.EmitterSpawnRateScale:1.0]]
[2019.12.14-15.27.13:483][  0]LogConfig: Setting CVar [[r.ParticleLightQuality:2]]
[2019.12.14-15.27.13:483][  0]LogConfig: Applying CVar settings from Section [FoliageQuality@3] File [D:/IsackDumpster2/IsackDumpster/JingleJamSandwich/Saved/Config/Windows/Scalability.ini]
[2019.12.14-15.27.13:483][  0]LogConfig: Setting CVar [[foliage.DensityScale:1.0]]
[2019.12.14-15.27.13:483][  0]LogConfig: Setting CVar [[grass.DensityScale:1.0]]
[2019.12.14-15.27.13:483][  0]LogInit: Selected Device Profile: [Windows]
[2019.12.14-15.27.13:483][  0]LogInit: Applying CVar settings loaded from the selected device profile: [Windows]
[2019.12.14-15.27.13:486][  0]LogHAL: Display: Platform has ~ 16 GB [17132105728 / 17179869184 / 16], which maps to Larger [LargestMinGB=32, LargerMinGB=12, DefaultMinGB=8, SmallerMinGB=6, SmallestMinGB=0)
[2019.12.14-15.27.13:486][  0]LogInit: Going up to parent DeviceProfile []
[2019.12.14-15.27.13:486][  0]LogConfig: Applying CVar settings from Section [ViewDistanceQuality@3] File [D:/IsackDumpster2/IsackDumpster/JingleJamSandwich/Saved/Config/Windows/Scalability.ini]
[2019.12.14-15.27.13:486][  0]LogConfig: Setting CVar [[r.SkeletalMeshLODBias:0]]
[2019.12.14-15.27.13:486][  0]LogConfig: Setting CVar [[r.ViewDistanceScale:1.0]]
[2019.12.14-15.27.13:486][  0]LogConfig: Applying CVar settings from Section [AntiAliasingQuality@3] File [D:/IsackDumpster2/IsackDumpster/JingleJamSandwich/Saved/Config/Windows/Scalability.ini]
[2019.12.14-15.27.13:486][  0]LogConfig: Setting CVar [[r.PostProcessAAQuality:4]]
[2019.12.14-15.27.13:486][  0]LogConfig: Applying CVar settings from Section [ShadowQuality@3] File [D:/IsackDumpster2/IsackDumpster/JingleJamSandwich/Saved/Config/Windows/Scalability.ini]
[2019.12.14-15.27.13:487][  0]LogConfig: Setting CVar [[r.LightFunctionQuality:1]]
[2019.12.14-15.27.13:487][  0]LogConfig: Setting CVar [[r.ShadowQuality:5]]
[2019.12.14-15.27.13:487][  0]LogConfig: Setting CVar [[r.Shadow.CSM.MaxCascades:10]]
[2019.12.14-15.27.13:487][  0]LogConfig: Setting CVar [[r.Shadow.MaxResolution:2048]]
[2019.12.14-15.27.13:487][  0]LogConfig: Setting CVar [[r.Shadow.MaxCSMResolution:2048]]
[2019.12.14-15.27.13:487][  0]LogConfig: Setting CVar [[r.Shadow.RadiusThreshold:0.01]]
[2019.12.14-15.27.13:487][  0]LogConfig: Setting CVar [[r.Shadow.DistanceScale:1.0]]
[2019.12.14-15.27.13:487][  0]LogConfig: Setting CVar [[r.Shadow.CSM.TransitionScale:1.0]]
[2019.12.14-15.27.13:487][  0]LogConfig: Setting CVar [[r.Shadow.PreShadowResolutionFactor:1.0]]
[2019.12.14-15.27.13:487][  0]LogConfig: Setting CVar [[r.DistanceFieldShadowing:1]]
[2019.12.14-15.27.13:487][  0]LogConfig: Setting CVar [[r.DistanceFieldAO:1]]
[2019.12.14-15.27.13:487][  0]LogConfig: Setting CVar [[r.AOQuality:2]]
[2019.12.14-15.27.13:487][  0]LogConfig: Setting CVar [[r.VolumetricFog:1]]
[2019.12.14-15.27.13:487][  0]LogConfig: Setting CVar [[r.VolumetricFog.GridPixelSize:8]]
[2019.12.14-15.27.13:487][  0]LogConfig: Setting CVar [[r.VolumetricFog.GridSizeZ:128]]
[2019.12.14-15.27.13:487][  0]LogConfig: Setting CVar [[r.VolumetricFog.HistoryMissSupersampleCount:4]]
[2019.12.14-15.27.13:487][  0]LogConfig: Setting CVar [[r.LightMaxDrawDistanceScale:1]]
[2019.12.14-15.27.13:487][  0]LogConfig: Setting CVar [[r.CapsuleShadows:1]]
[2019.12.14-15.27.13:487][  0]LogConfig: Applying CVar settings from Section [PostProcessQuality@3] File [D:/IsackDumpster2/IsackDumpster/JingleJamSandwich/Saved/Config/Windows/Scalability.ini]
[2019.12.14-15.27.13:487][  0]LogConfig: Setting CVar [[r.MotionBlurQuality:4]]
[2019.12.14-15.27.13:487][  0]LogConfig: Setting CVar [[r.AmbientOcclusionMipLevelFactor:0.4]]
[2019.12.14-15.27.13:487][  0]LogConfig: Setting CVar [[r.AmbientOcclusionMaxQuality:100]]
[2019.12.14-15.27.13:487][  0]LogConfig: Setting CVar [[r.AmbientOcclusionLevels:-1]]
[2019.12.14-15.27.13:487][  0]LogConfig: Setting CVar [[r.AmbientOcclusionRadiusScale:1.0]]
[2019.12.14-15.27.13:488][  0]LogConfig: Setting CVar [[r.DepthOfFieldQuality:2]]
[2019.12.14-15.27.13:488][  0]LogConfig: Setting CVar [[r.RenderTargetPoolMin:400]]
[2019.12.14-15.27.13:488][  0]LogConfig: Setting CVar [[r.LensFlareQuality:2]]
[2019.12.14-15.27.13:488][  0]LogConfig: Setting CVar [[r.SceneColorFringeQuality:1]]
[2019.12.14-15.27.13:488][  0]LogConfig: Setting CVar [[r.EyeAdaptationQuality:2]]
[2019.12.14-15.27.13:488][  0]LogConfig: Setting CVar [[r.BloomQuality:5]]
[2019.12.14-15.27.13:488][  0]LogConfig: Setting CVar [[r.FastBlurThreshold:100]]
[2019.12.14-15.27.13:488][  0]LogConfig: Setting CVar [[r.Upscale.Quality:3]]
[2019.12.14-15.27.13:488][  0]LogConfig: Setting CVar [[r.Tonemapper.GrainQuantization:1]]
[2019.12.14-15.27.13:488][  0]LogConfig: Setting CVar [[r.LightShaftQuality:1]]
[2019.12.14-15.27.13:488][  0]LogConfig: Setting CVar [[r.Filter.SizeScale:1]]
[2019.12.14-15.27.13:488][  0]LogConfig: Setting CVar [[r.Tonemapper.Quality:5]]
[2019.12.14-15.27.13:488][  0]LogConfig: Setting CVar [[r.DOF.Gather.AccumulatorQuality:1        ; higher gathering accumulator quality]]
[2019.12.14-15.27.13:488][  0]LogConfig: Setting CVar [[r.DOF.Gather.PostfilterMethod:1          ; Median3x3 postfilering method]]
[2019.12.14-15.27.13:488][  0]LogConfig: Setting CVar [[r.DOF.Gather.EnableBokehSettings:0       ; no bokeh simulation when gathering]]
[2019.12.14-15.27.13:488][  0]LogConfig: Setting CVar [[r.DOF.Gather.RingCount:4                 ; medium number of samples when gathering]]
[2019.12.14-15.27.13:488][  0]LogConfig: Setting CVar [[r.DOF.Scatter.ForegroundCompositing:1    ; additive foreground scattering]]
[2019.12.14-15.27.13:488][  0]LogConfig: Setting CVar [[r.DOF.Scatter.BackgroundCompositing:2    ; additive background scattering]]
[2019.12.14-15.27.13:488][  0]LogConfig: Setting CVar [[r.DOF.Scatter.EnableBokehSettings:1      ; bokeh simulation when scattering]]
[2019.12.14-15.27.13:488][  0]LogConfig: Setting CVar [[r.DOF.Scatter.MaxSpriteRatio:0.1         ; only a maximum of 10% of scattered bokeh]]
[2019.12.14-15.27.13:488][  0]LogConfig: Setting CVar [[r.DOF.Recombine.Quality:1                ; cheap slight out of focus]]
[2019.12.14-15.27.13:488][  0]LogConfig: Setting CVar [[r.DOF.Recombine.EnableBokehSettings:0    ; no bokeh simulation on slight out of focus]]
[2019.12.14-15.27.13:488][  0]LogConfig: Setting CVar [[r.DOF.TemporalAAQuality:1                ; more stable temporal accumulation]]
[2019.12.14-15.27.13:488][  0]LogConfig: Setting CVar [[r.DOF.Kernel.MaxForegroundRadius:0.025]]
[2019.12.14-15.27.13:488][  0]LogConfig: Setting CVar [[r.DOF.Kernel.MaxBackgroundRadius:0.025]]
[2019.12.14-15.27.13:489][  0]LogConfig: Applying CVar settings from Section [TextureQuality@3] File [D:/IsackDumpster2/IsackDumpster/JingleJamSandwich/Saved/Config/Windows/Scalability.ini]
[2019.12.14-15.27.13:489][  0]LogConfig: Setting CVar [[r.Streaming.MipBias:0]]
[2019.12.14-15.27.13:489][  0]LogConfig: Setting CVar [[r.Streaming.AmortizeCPUToGPUCopy:0]]
[2019.12.14-15.27.13:489][  0]LogConfig: Setting CVar [[r.Streaming.MaxNumTexturesToStreamPerFrame:0]]
[2019.12.14-15.27.13:489][  0]LogConfig: Setting CVar [[r.Streaming.Boost:1]]
[2019.12.14-15.27.13:489][  0]LogConfig: Setting CVar [[r.MaxAnisotropy:8]]
[2019.12.14-15.27.13:489][  0]LogConfig: Setting CVar [[r.Streaming.LimitPoolSizeToVRAM:0]]
[2019.12.14-15.27.13:489][  0]LogConfig: Setting CVar [[r.Streaming.PoolSize:1000]]
[2019.12.14-15.27.13:489][  0]LogConfig: Setting CVar [[r.Streaming.MaxEffectiveScreenSize:0]]
[2019.12.14-15.27.13:489][  0]LogConfig: Applying CVar settings from Section [EffectsQuality@3] File [D:/IsackDumpster2/IsackDumpster/JingleJamSandwich/Saved/Config/Windows/Scalability.ini]
[2019.12.14-15.27.13:489][  0]LogConfig: Setting CVar [[r.TranslucencyLightingVolumeDim:64]]
[2019.12.14-15.27.13:489][  0]LogConfig: Setting CVar [[r.RefractionQuality:2]]
[2019.12.14-15.27.13:489][  0]LogConfig: Setting CVar [[r.SSR.Quality:3]]
[2019.12.14-15.27.13:489][  0]LogConfig: Setting CVar [[r.SceneColorFormat:4]]
[2019.12.14-15.27.13:489][  0]LogConfig: Setting CVar [[r.DetailMode:2]]
[2019.12.14-15.27.13:489][  0]LogConfig: Setting CVar [[r.TranslucencyVolumeBlur:1]]
[2019.12.14-15.27.13:489][  0]LogConfig: Setting CVar [[r.MaterialQualityLevel:1 ; High quality]]
[2019.12.14-15.27.13:489][  0]LogConfig: Setting CVar [[r.SSS.Scale:1]]
[2019.12.14-15.27.13:489][  0]LogConfig: Setting CVar [[r.SSS.SampleSet:2]]
[2019.12.14-15.27.13:489][  0]LogConfig: Setting CVar [[r.SSS.Quality:1]]
[2019.12.14-15.27.13:489][  0]LogConfig: Setting CVar [[r.SSS.HalfRes:1]]
[2019.12.14-15.27.13:489][  0]LogConfig: Setting CVar [[r.EmitterSpawnRateScale:1.0]]
[2019.12.14-15.27.13:489][  0]LogConfig: Setting CVar [[r.ParticleLightQuality:2]]
[2019.12.14-15.27.13:489][  0]LogConfig: Applying CVar settings from Section [FoliageQuality@3] File [D:/IsackDumpster2/IsackDumpster/JingleJamSandwich/Saved/Config/Windows/Scalability.ini]
[2019.12.14-15.27.13:489][  0]LogConfig: Setting CVar [[foliage.DensityScale:1.0]]
[2019.12.14-15.27.13:490][  0]LogConfig: Setting CVar [[grass.DensityScale:1.0]]
[2019.12.14-15.27.13:490][  0]LogConfig: Applying CVar settings from Section [Startup] File [../../../Engine/Config/ConsoleVariables.ini]
[2019.12.14-15.27.13:490][  0]LogConfig: Setting CVar [[net.UseAdaptiveNetUpdateFrequency:0]]
[2019.12.14-15.27.13:490][  0]LogConfig: Setting CVar [[p.chaos.AllowCreatePhysxBodies:1]]
[2019.12.14-15.27.13:490][  0]LogConfig: Applying CVar settings from Section [ConsoleVariables] File [D:/IsackDumpster2/IsackDumpster/JingleJamSandwich/Saved/Config/Windows/Engine.ini]
[2019.12.14-15.27.13:490][  0]LogInit: Computer: DESKTOP-A8P3TK4
[2019.12.14-15.27.13:490][  0]LogInit: User: isaac
[2019.12.14-15.27.13:490][  0]LogInit: CPU Page size=4096, Cores=6
[2019.12.14-15.27.13:490][  0]LogInit: High frequency timer resolution =10.000000 MHz
[2019.12.14-15.27.13:490][  0]LogMemory: Memory total: Physical=16.0GB (16GB approx)
[2019.12.14-15.27.13:490][  0]LogMemory: Platform Memory Stats for Windows
[2019.12.14-15.27.13:490][  0]LogMemory: Process Physical Memory: 100.56 MB used, 100.56 MB peak
[2019.12.14-15.27.13:491][  0]LogMemory: Process Virtual Memory: 100.34 MB used, 100.34 MB peak
[2019.12.14-15.27.13:491][  0]LogMemory: Physical Memory: 12520.46 MB used,  3817.99 MB free, 16338.45 MB total
[2019.12.14-15.27.13:491][  0]LogMemory: Virtual Memory: 4662.75 MB used,  134213064.00 MB free, 134217728.00 MB total
[2019.12.14-15.27.13:498][  0]LogWindows: WindowsPlatformFeatures enabled
[2019.12.14-15.27.13:588][  0]LogInit: Using OS detected language (en-GB).
[2019.12.14-15.27.13:588][  0]LogInit: Using OS detected locale (en-GB).
[2019.12.14-15.27.13:588][  0]LogTextLocalizationManager: No specific localization for 'en-GB' exists, so the 'en' localization will be used.
[2019.12.14-15.27.13:798][  0]LogSlate: New Slate User Created.  User Index 0, Is Virtual User: 0
[2019.12.14-15.27.13:798][  0]LogSlate: Slate User Registered.  User Index 0, Is Virtual User: 0
[2019.12.14-15.27.13:809][  0]LogD3D11RHI: D3D11 adapters:
[2019.12.14-15.27.13:889][  0]LogD3D11RHI:    0. 'NVIDIA GeForce GTX 1060 6GB' (Feature Level 11_0)
[2019.12.14-15.27.13:889][  0]LogD3D11RHI:       6052/0/8169 MB DedicatedVideo/DedicatedSystem/SharedSystem, Outputs:2, VendorId:0x10de
[2019.12.14-15.27.13:894][  0]LogD3D11RHI:    1. 'Microsoft Basic Render Driver' (Feature Level 11_0)
[2019.12.14-15.27.13:894][  0]LogD3D11RHI:       0/0/8169 MB DedicatedVideo/DedicatedSystem/SharedSystem, Outputs:0, VendorId:0x1414
[2019.12.14-15.27.13:894][  0]LogD3D11RHI: Chosen D3D11 Adapter: 0
[2019.12.14-15.27.13:905][  0]LogD3D11RHI: Creating new Direct3DDevice
[2019.12.14-15.27.13:906][  0]LogD3D11RHI:     GPU DeviceId: 0x1c03 (for the marketing name, search the web for "GPU Device Id")
[2019.12.14-15.27.13:906][  0]LogWindows: EnumDisplayDevices:
[2019.12.14-15.27.13:906][  0]LogWindows:    0. 'NVIDIA GeForce GTX 1060 6GB' (P:1 D:1)
[2019.12.14-15.27.13:906][  0]LogWindows:    1. 'NVIDIA GeForce GTX 1060 6GB' (P:0 D:1)
[2019.12.14-15.27.13:906][  0]LogWindows:    2. 'NVIDIA GeForce GTX 1060 6GB' (P:0 D:0)
[2019.12.14-15.27.13:907][  0]LogWindows:    3. 'NVIDIA GeForce GTX 1060 6GB' (P:0 D:0)
[2019.12.14-15.27.13:907][  0]LogWindows: DebugString: FoundDriverCount:4 
[2019.12.14-15.27.13:907][  0]LogD3D11RHI:     Adapter Name: NVIDIA GeForce GTX 1060 6GB
[2019.12.14-15.27.13:907][  0]LogD3D11RHI:   Driver Version: 436.15 (internal:26.21.14.3615, unified:436.15)
[2019.12.14-15.27.13:907][  0]LogD3D11RHI:      Driver Date: 8-24-2019
[2019.12.14-15.27.13:907][  0]LogRHI: Texture pool is 4236 MB (70% of 6052 MB)
[2019.12.14-15.27.13:949][  0]LogD3D11RHI: Async texture creation enabled
[2019.12.14-15.27.13:968][  0]LogD3D11RHI: GPU Timing Frequency: 1000.000000 (Debug: 2 1)
[2019.12.14-15.27.14:359][  0]LogTemp: Display: Module 'WindowsClientTargetPlatform' loaded TargetPlatform 'WindowsClient'
[2019.12.14-15.27.14:368][  0]LogTemp: Display: Module 'WindowsNoEditorTargetPlatform' loaded TargetPlatform 'WindowsNoEditor'
[2019.12.14-15.27.14:377][  0]LogTemp: Display: Module 'WindowsServerTargetPlatform' loaded TargetPlatform 'WindowsServer'
[2019.12.14-15.27.14:382][  0]LogTemp: Display: Module 'WindowsTargetPlatform' loaded TargetPlatform 'Windows'
[2019.12.14-15.27.14:382][  0]LogTargetPlatformManager: Display: Building Assets For Windows
[2019.12.14-15.27.14:396][  0]LogAudioDebug: Display: Lib vorbis DLL was dynamically loaded.
[2019.12.14-15.27.14:478][  0]LogShaderCompilers: Guid format shader working directory is -18 characters bigger than the processId version (../../../../../../IsackDumpster2/IsackDumpster/JingleJamSandwich/Intermediate/Shaders/WorkingDirectory/3260/).
[2019.12.14-15.27.14:478][  0]LogShaderCompilers: Cleaned the shader compiler working directory 'C:/Users/isaac/AppData/Local/Temp/UnrealShaderWorkingDir/A38136324B4B81FFE43C449A96EA988A/'.
[2019.12.14-15.27.14:480][  0]LogXGEController: Cleaning working directory: C:/Users/isaac/AppData/Local/Temp/UnrealXGEWorkingDir/
[2019.12.14-15.27.14:481][  0]LogShaderCompilers: Display: Using XGE Shader Compiler (Interception Interface).
[2019.12.14-15.27.15:037][  0]LogDerivedDataCache: Display: Max Cache Size: 512 MB
[2019.12.14-15.27.15:083][  0]LogDerivedDataCache: Loaded boot cache 0.05s 72MB C:/Users/isaac/AppData/Local/UnrealEngine/4.23/DerivedDataCache/Boot.ddc.
[2019.12.14-15.27.15:083][  0]LogDerivedDataCache: Display: Loaded Boot cache: C:/Users/isaac/AppData/Local/UnrealEngine/4.23/DerivedDataCache/Boot.ddc
[2019.12.14-15.27.15:083][  0]LogDerivedDataCache: FDerivedDataBackendGraph:  Pak pak cache file ../../../../../../IsackDumpster2/IsackDumpster/JingleJamSandwich/DerivedDataCache/DDC.ddp not found, will not use a pak cache.
[2019.12.14-15.27.15:083][  0]LogDerivedDataCache: Unable to find inner node Pak for hierarchical cache Hierarchy.
[2019.12.14-15.27.15:084][  0]LogDerivedDataCache: FDerivedDataBackendGraph:  CompressedPak pak cache file ../../../../../../IsackDumpster2/IsackDumpster/JingleJamSandwich/DerivedDataCache/Compressed.ddp not found, will not use a pak cache.
[2019.12.14-15.27.15:084][  0]LogDerivedDataCache: Unable to find inner node CompressedPak for hierarchical cache Hierarchy.
[2019.12.14-15.27.15:093][  0]LogDerivedDataCache: Display: Pak cache opened for reading ../../../Engine/DerivedDataCache/Compressed.ddp.
[2019.12.14-15.27.15:094][  0]LogDerivedDataCache: FDerivedDataBackendGraph:  EnterprisePak pak cache file ../../../Enterprise/DerivedDataCache/Compressed.ddp not found, will not use a pak cache.
[2019.12.14-15.27.15:094][  0]LogDerivedDataCache: Unable to find inner node EnterprisePak for hierarchical cache Hierarchy.
[2019.12.14-15.27.15:096][  0]LogDerivedDataCache: Using Local data cache path C:/Users/isaac/AppData/Local/UnrealEngine/Common/DerivedDataCache: Writable
[2019.12.14-15.27.15:096][  0]LogDerivedDataCache: Shared data cache path not found in *engine.ini, will not use an Shared cache.
[2019.12.14-15.27.15:096][  0]LogDerivedDataCache: Unable to find inner node Shared for hierarchical cache Hierarchy.
[2019.12.14-15.27.15:113][  0]LogMaterial: Verifying Global Shaders for PCD3D_SM5
[2019.12.14-15.27.15:115][  0]LogSlate: Using FreeType 2.6.0
[2019.12.14-15.27.15:116][  0]LogSlate: SlateFontServices - WITH_FREETYPE: 1, WITH_HARFBUZZ: 1
[2019.12.14-15.27.15:245][  0]LogInit: Using OS detected language (en-GB).
[2019.12.14-15.27.15:245][  0]LogInit: Using OS detected locale (en-GB).
[2019.12.14-15.27.15:245][  0]LogTextLocalizationManager: No localization for 'en-GB' exists, so 'en' will be used for the language.
[2019.12.14-15.27.15:245][  0]LogTextLocalizationManager: No localization for 'en-GB' exists, so 'en' will be used for the locale.
[2019.12.14-15.27.15:245][  0]LogSlate: FontCache flush requested. Reason: Culture for localization was changed
[2019.12.14-15.27.15:245][  0]LogSlate: FontCache flush requested. Reason: Culture for localization was changed
[2019.12.14-15.27.15:246][  0]LogTextLocalizationManager: Compacting localization data took   0.00ms
[2019.12.14-15.27.15:250][  0]LogAssetRegistry: FAssetRegistry took 0.0015 seconds to start up
[2019.12.14-15.27.15:438][  0]LogPackageLocalizationCache: Processed 11 localized package path(s) for 1 prioritized culture(s) in 0.012317 seconds
[2019.12.14-15.27.15:498][  0]LogInit: Selected Device Profile: [Windows]
[2019.12.14-15.27.15:639][  0]LogMeshReduction: Using QuadricMeshReduction for automatic static mesh reduction
[2019.12.14-15.27.15:639][  0]LogMeshReduction: Using SimplygonMeshReduction for automatic skeletal mesh reduction
[2019.12.14-15.27.15:639][  0]LogMeshReduction: Using ProxyLODMeshReduction for automatic mesh merging
[2019.12.14-15.27.15:639][  0]LogMeshReduction: No distributed automatic mesh merging module available
[2019.12.14-15.27.15:639][  0]LogMeshMerging: No distributed automatic mesh merging module available
[2019.12.14-15.27.15:648][  0]LogNetVersion: JingleJamSandwich 1.0.0, NetCL: 8386587, EngineNetVer: 11, GameNetVer: 0 (Checksum: 2996978213)
[2019.12.14-15.27.16:202][  0]LogMoviePlayer: Initializing movie player
[2019.12.14-15.27.16:389][  0]SourceControl: Source control is disabled
[2019.12.14-15.27.16:389][  0]SourceControl: Source control is disabled
[2019.12.14-15.27.16:393][  0]SourceControl: Source control is disabled
[2019.12.14-15.27.16:516][  0]LogAndroidPermission: UAndroidPermissionCallbackProxy::GetInstance
[2019.12.14-15.27.16:821][  0]LogOcInput: OculusInput pre-init called
[2019.12.14-15.27.16:833][  0]LogUObjectArray: 48887 objects as part of root set at end of initial load.
[2019.12.14-15.27.16:833][  0]LogUObjectAllocator: 8630336 out of 0 bytes used by permanent object pool.
[2019.12.14-15.27.16:833][  0]LogUObjectArray: CloseDisregardForGC: 0/0 objects in disregard for GC pool
[2019.12.14-15.27.16:892][  0]LogEngine: Initializing Engine...
[2019.12.14-15.27.16:895][  0]LogStats: UGameplayTagsManager::InitializeManager -  0.000 s
[2019.12.14-15.27.17:040][  0]LogInit: Initializing FReadOnlyCVARCache
[2019.12.14-15.27.17:090][  0]LogInit: XAudio2 using 'Headset Earphone (Corsair VOID Wireless Gaming Dongle)' : 6 channels at 48 kHz using 16 bits per sample (channel mask 0x3f)
[2019.12.14-15.27.17:110][  0]LogInit: FAudioDevice initialized.
[2019.12.14-15.27.17:112][  0]LogNetVersion: Set ProjectVersion to 1.0.0.0. Version Checksum will be recalculated on next use.
[2019.12.14-15.27.17:246][  0]LogDerivedDataCache: Saved boot cache 0.13s 72MB C:/Users/isaac/AppData/Local/UnrealEngine/4.23/DerivedDataCache/Boot.ddc.
[2019.12.14-15.27.17:252][  0]LogInit: Texture streaming: Enabled
[2019.12.14-15.27.17:402][  0]LogSlate: Updating window title bar state: overlay mode, drag disabled, window buttons hidden, title bar hidden
[2019.12.14-15.27.17:402][  0]LogInit: Display: Game Engine Initialized.
[2019.12.14-15.27.17:466][  0]LogInit: Display: Starting Game.
[2019.12.14-15.27.17:467][  0]LogNet: Browse: /Game/Maps/Default?Name=Player
[2019.12.14-15.27.17:467][  0]LogLoad: LoadMap: /Game/Maps/Default?Name=Player
[2019.12.14-15.27.17:467][  0]LogWorld: BeginTearingDown for /Temp/Untitled_0
[2019.12.14-15.27.17:468][  0]LogWorld: UWorld::CleanupWorld for Untitled, bSessionEnded=true, bCleanupResources=true
[2019.12.14-15.27.17:488][  0]LogUObjectHash: Compacting FUObjectHashTables data took   1.23ms
[2019.12.14-15.27.17:534][  0]LogAIModule: Creating AISystem for world Default
[2019.12.14-15.27.17:534][  0]LogLoad: Game class is 'JingleJamSandwichGameModeBase'
[2019.12.14-15.27.17:536][  0]LogWorld: Bringing World /Game/Maps/Default.Default up for play (max tick rate 0) at 2019.12.14-15.27.17
[2019.12.14-15.27.17:536][  0]LogWorld: Bringing up level for play took: 0.001183
[2019.12.14-15.27.17:543][  0]LogLoad: Took 0.076855 seconds to LoadMap(/Game/Maps/Default)
[2019.12.14-15.27.17:576][  0]LogRenderer: Reallocating scene render targets to support 1600x900 Format 10 NumSamples 1 (Frame:1).
[2019.12.14-15.27.17:576][  0]LogLoad: (Engine Initialization) Total time: 5.79 seconds
[2019.12.14-15.27.17:576][  0]LogLoad: (Engine Initialization) Total Blueprint compile time: 0.00 seconds
[2019.12.14-15.27.17:606][  0]LogContentStreaming: Texture pool size now 1000 MB
[2019.12.14-15.27.17:694][  0]LogRenderer: Reallocating scene render targets to support 128x128 Format 10 NumSamples 1 (Frame:1).
[2019.12.14-15.27.17:716][  0]LogRenderer: Reallocating scene render targets to support 1600x900 Format 10 NumSamples 1 (Frame:2).
[2019.12.14-15.27.17:726][  1]LogSlate: Took 0.000249 seconds to synchronously load lazily loaded font '../../../Engine/Content/Slate/Fonts/Roboto-Regular.ttf' (155K)
[2019.12.14-15.27.49:390][333]LogSlate: FSceneViewport::OnFocusLost() reason 0
[2019.12.14-15.27.49:422][335]LogActor: Warning: Toy /Game/Maps/Default.Default:PersistentLevel.Toy_0 has natively added scene component(s), but none of them were set as the actor's RootComponent - picking one arbitrarily
[2019.12.14-15.27.52:326][514]LogRenderer: Reallocating scene render targets to support 1920x1080 Format 10 NumSamples 1 (Frame:1517).
[2019.12.14-15.27.52:326][514]LogConfig: Applying CVar settings from Section [ViewDistanceQuality@3] File [D:/IsackDumpster2/IsackDumpster/JingleJamSandwich/Saved/Config/Windows/Scalability.ini]
[2019.12.14-15.27.52:326][514]LogConfig: Setting CVar [[r.SkeletalMeshLODBias:0]]
[2019.12.14-15.27.52:327][514]LogConfig: Setting CVar [[r.ViewDistanceScale:1.0]]
[2019.12.14-15.27.52:327][514]LogConfig: Applying CVar settings from Section [AntiAliasingQuality@3] File [D:/IsackDumpster2/IsackDumpster/JingleJamSandwich/Saved/Config/Windows/Scalability.ini]
[2019.12.14-15.27.52:327][514]LogConfig: Setting CVar [[r.PostProcessAAQuality:4]]
[2019.12.14-15.27.52:327][514]LogConfig: Applying CVar settings from Section [ShadowQuality@3] File [D:/IsackDumpster2/IsackDumpster/JingleJamSandwich/Saved/Config/Windows/Scalability.ini]
[2019.12.14-15.27.52:327][514]LogConfig: Setting CVar [[r.LightFunctionQuality:1]]
[2019.12.14-15.27.52:327][514]LogConfig: Setting CVar [[r.ShadowQuality:5]]
[2019.12.14-15.27.52:327][514]LogConfig: Setting CVar [[r.Shadow.CSM.MaxCascades:10]]
[2019.12.14-15.27.52:327][514]LogConfig: Setting CVar [[r.Shadow.MaxResolution:2048]]
[2019.12.14-15.27.52:327][514]LogConfig: Setting CVar [[r.Shadow.MaxCSMResolution:2048]]
[2019.12.14-15.27.52:327][514]LogConfig: Setting CVar [[r.Shadow.RadiusThreshold:0.01]]
[2019.12.14-15.27.52:327][514]LogConfig: Setting CVar [[r.Shadow.DistanceScale:1.0]]
[2019.12.14-15.27.52:327][514]LogConfig: Setting CVar [[r.Shadow.CSM.TransitionScale:1.0]]
[2019.12.14-15.27.52:327][514]LogConfig: Setting CVar [[r.Shadow.PreShadowResolutionFactor:1.0]]
[2019.12.14-15.27.52:327][514]LogConfig: Setting CVar [[r.DistanceFieldShadowing:1]]
[2019.12.14-15.27.52:328][514]LogConfig: Setting CVar [[r.DistanceFieldAO:1]]
[2019.12.14-15.27.52:328][514]LogConfig: Setting CVar [[r.AOQuality:2]]
[2019.12.14-15.27.52:328][514]LogConfig: Setting CVar [[r.VolumetricFog:1]]
[2019.12.14-15.27.52:328][514]LogConfig: Setting CVar [[r.VolumetricFog.GridPixelSize:8]]
[2019.12.14-15.27.52:328][514]LogConfig: Setting CVar [[r.VolumetricFog.GridSizeZ:128]]
[2019.12.14-15.27.52:328][514]LogConfig: Setting CVar [[r.VolumetricFog.HistoryMissSupersampleCount:4]]
[2019.12.14-15.27.52:328][514]LogConfig: Setting CVar [[r.LightMaxDrawDistanceScale:1]]
[2019.12.14-15.27.52:328][514]LogConfig: Setting CVar [[r.CapsuleShadows:1]]
[2019.12.14-15.27.52:328][514]LogConfig: Applying CVar settings from Section [PostProcessQuality@3] File [D:/IsackDumpster2/IsackDumpster/JingleJamSandwich/Saved/Config/Windows/Scalability.ini]
[2019.12.14-15.27.52:328][514]LogConfig: Setting CVar [[r.MotionBlurQuality:4]]
[2019.12.14-15.27.52:328][514]LogConfig: Setting CVar [[r.AmbientOcclusionMipLevelFactor:0.4]]
[2019.12.14-15.27.52:328][514]LogConfig: Setting CVar [[r.AmbientOcclusionMaxQuality:100]]
[2019.12.14-15.27.52:328][514]LogConfig: Setting CVar [[r.AmbientOcclusionLevels:-1]]
[2019.12.14-15.27.52:328][514]LogConfig: Setting CVar [[r.AmbientOcclusionRadiusScale:1.0]]
[2019.12.14-15.27.52:328][514]LogConfig: Setting CVar [[r.DepthOfFieldQuality:2]]
[2019.12.14-15.27.52:328][514]LogConfig: Setting CVar [[r.RenderTargetPoolMin:400]]
[2019.12.14-15.27.52:328][514]LogConfig: Setting CVar [[r.LensFlareQuality:2]]
[2019.12.14-15.27.52:329][514]LogConfig: Setting CVar [[r.SceneColorFringeQuality:1]]
[2019.12.14-15.27.52:329][514]LogConfig: Setting CVar [[r.EyeAdaptationQuality:2]]
[2019.12.14-15.27.52:329][514]LogConfig: Setting CVar [[r.BloomQuality:5]]
[2019.12.14-15.27.52:329][514]LogConfig: Setting CVar [[r.FastBlurThreshold:100]]
[2019.12.14-15.27.52:329][514]LogConfig: Setting CVar [[r.Upscale.Quality:3]]
[2019.12.14-15.27.52:329][514]LogConfig: Setting CVar [[r.Tonemapper.GrainQuantization:1]]
[2019.12.14-15.27.52:329][514]LogConfig: Setting CVar [[r.LightShaftQuality:1]]
[2019.12.14-15.27.52:329][514]LogConfig: Setting CVar [[r.Filter.SizeScale:1]]
[2019.12.14-15.27.52:329][514]LogConfig: Setting CVar [[r.Tonemapper.Quality:5]]
[2019.12.14-15.27.52:329][514]LogConfig: Setting CVar [[r.DOF.Gather.AccumulatorQuality:1        ; higher gathering accumulator quality]]
[2019.12.14-15.27.52:329][514]LogConfig: Setting CVar [[r.DOF.Gather.PostfilterMethod:1          ; Median3x3 postfilering method]]
[2019.12.14-15.27.52:329][514]LogConfig: Setting CVar [[r.DOF.Gather.EnableBokehSettings:0       ; no bokeh simulation when gathering]]
[2019.12.14-15.27.52:329][514]LogConfig: Setting CVar [[r.DOF.Gather.RingCount:4                 ; medium number of samples when gathering]]
[2019.12.14-15.27.52:329][514]LogConfig: Setting CVar [[r.DOF.Scatter.ForegroundCompositing:1    ; additive foreground scattering]]
[2019.12.14-15.27.52:329][514]LogConfig: Setting CVar [[r.DOF.Scatter.BackgroundCompositing:2    ; additive background scattering]]
[2019.12.14-15.27.52:330][514]LogConfig: Setting CVar [[r.DOF.Scatter.EnableBokehSettings:1      ; bokeh simulation when scattering]]
[2019.12.14-15.27.52:330][514]LogConfig: Setting CVar [[r.DOF.Scatter.MaxSpriteRatio:0.1         ; only a maximum of 10% of scattered bokeh]]
[2019.12.14-15.27.52:330][514]LogConfig: Setting CVar [[r.DOF.Recombine.Quality:1                ; cheap slight out of focus]]
[2019.12.14-15.27.52:330][514]LogConfig: Setting CVar [[r.DOF.Recombine.EnableBokehSettings:0    ; no bokeh simulation on slight out of focus]]
[2019.12.14-15.27.52:330][514]LogConfig: Setting CVar [[r.DOF.TemporalAAQuality:1                ; more stable temporal accumulation]]
[2019.12.14-15.27.52:330][514]LogConfig: Setting CVar [[r.DOF.Kernel.MaxForegroundRadius:0.025]]
[2019.12.14-15.27.52:330][514]LogConfig: Setting CVar [[r.DOF.Kernel.MaxBackgroundRadius:0.025]]
[2019.12.14-15.27.52:330][514]LogConfig: Applying CVar settings from Section [TextureQuality@3] File [D:/IsackDumpster2/IsackDumpster/JingleJamSandwich/Saved/Config/Windows/Scalability.ini]
[2019.12.14-15.27.52:330][514]LogConfig: Setting CVar [[r.Streaming.MipBias:0]]
[2019.12.14-15.27.52:330][514]LogConfig: Setting CVar [[r.Streaming.AmortizeCPUToGPUCopy:0]]
[2019.12.14-15.27.52:330][514]LogConfig: Setting CVar [[r.Streaming.MaxNumTexturesToStreamPerFrame:0]]
[2019.12.14-15.27.52:330][514]LogConfig: Setting CVar [[r.Streaming.Boost:1]]
[2019.12.14-15.27.52:330][514]LogConfig: Setting CVar [[r.MaxAnisotropy:8]]
[2019.12.14-15.27.52:330][514]LogConfig: Setting CVar [[r.Streaming.LimitPoolSizeToVRAM:0]]
[2019.12.14-15.27.52:331][514]LogConfig: Setting CVar [[r.Streaming.PoolSize:1000]]
[2019.12.14-15.27.52:331][514]LogConfig: Setting CVar [[r.Streaming.MaxEffectiveScreenSize:0]]
[2019.12.14-15.27.52:331][514]LogConfig: Applying CVar settings from Section [EffectsQuality@3] File [D:/IsackDumpster2/IsackDumpster/JingleJamSandwich/Saved/Config/Windows/Scalability.ini]
[2019.12.14-15.27.52:331][514]LogConfig: Setting CVar [[r.TranslucencyLightingVolumeDim:64]]
[2019.12.14-15.27.52:331][514]LogConfig: Setting CVar [[r.RefractionQuality:2]]
[2019.12.14-15.27.52:331][514]LogConfig: Setting CVar [[r.SSR.Quality:3]]
[2019.12.14-15.27.52:331][514]LogConfig: Setting CVar [[r.SceneColorFormat:4]]
[2019.12.14-15.27.52:331][514]LogConfig: Setting CVar [[r.DetailMode:2]]
[2019.12.14-15.27.52:331][514]LogConfig: Setting CVar [[r.TranslucencyVolumeBlur:1]]
[2019.12.14-15.27.52:331][514]LogConfig: Setting CVar [[r.MaterialQualityLevel:1 ; High quality]]
[2019.12.14-15.27.52:331][514]LogConfig: Setting CVar [[r.SSS.Scale:1]]
[2019.12.14-15.27.52:331][514]LogConfig: Setting CVar [[r.SSS.SampleSet:2]]
[2019.12.14-15.27.52:332][514]LogConfig: Setting CVar [[r.SSS.Quality:1]]
[2019.12.14-15.27.52:332][514]LogConfig: Setting CVar [[r.SSS.HalfRes:1]]
[2019.12.14-15.27.52:332][514]LogConfig: Setting CVar [[r.EmitterSpawnRateScale:1.0]]
[2019.12.14-15.27.52:332][514]LogConfig: Setting CVar [[r.ParticleLightQuality:2]]
[2019.12.14-15.27.52:332][514]LogConfig: Applying CVar settings from Section [FoliageQuality@3] File [D:/IsackDumpster2/IsackDumpster/JingleJamSandwich/Saved/Config/Windows/Scalability.ini]
[2019.12.14-15.27.52:332][514]LogConfig: Setting CVar [[foliage.DensityScale:1.0]]
[2019.12.14-15.27.52:332][514]LogConfig: Setting CVar [[grass.DensityScale:1.0]]
[2019.12.14-15.28.15:907][928]LogSlate: FSceneViewport::OnFocusLost() reason 0
[2019.12.14-15.28.16:474][962]Closing by request
[2019.12.14-15.28.16:474][962]LogWindows: FPlatformMisc::RequestExit(0)
[2019.12.14-15.28.16:497][963]LogWorld: BeginTearingDown for /Game/Maps/Default
[2019.12.14-15.28.16:497][963]LogWorld: UWorld::CleanupWorld for Default, bSessionEnded=true, bCleanupResources=true
[2019.12.14-15.28.16:995][963]LogSlate: Window 'JingleJamSandwich (64-bit DebugGame PCD3D_SM5) ' being destroyed
[2019.12.14-15.28.16:997][963]LogWindowsTextInputMethodSystem: Display: IME system now deactivated.
[2019.12.14-15.28.17:015][963]LogExit: Preparing to exit.
[2019.12.14-15.28.17:016][963]LogMoviePlayer: Shutting down movie player
[2019.12.14-15.28.17:029][963]LogSlate: Updating window title bar state: overlay mode, drag disabled, window buttons hidden, title bar hidden
[2019.12.14-15.28.17:030][963]LogDemo: Cleaned up 0 splitscreen connections with owner deletion
[2019.12.14-15.28.17:037][963]LogExit: Game engine shut down
[2019.12.14-15.28.17:093][963]LogExit: Object subsystem successfully closed.
[2019.12.14-15.28.17:115][963]LogShaderCompilers: Display: Shaders left to compile 0
[2019.12.14-15.28.17:149][963]LogModuleManager: Shutting down and abandoning module SequenceRecorderSections (406)
[2019.12.14-15.28.17:149][963]LogModuleManager: Shutting down and abandoning module SequenceRecorder (404)
[2019.12.14-15.28.17:149][963]LogModuleManager: Shutting down and abandoning module AutomationController (402)
[2019.12.14-15.28.17:150][963]LogModuleManager: Shutting down and abandoning module AutomationWorker (400)
[2019.12.14-15.28.17:150][963]LogModuleManager: Shutting down and abandoning module Voice (398)
[2019.12.14-15.28.17:150][963]LogModuleManager: Shutting down and abandoning module AIModule (396)
[2019.12.14-15.28.17:150][963]LogModuleManager: Shutting down and abandoning module GameplayDebugger (395)
[2019.12.14-15.28.17:150][963]LogModuleManager: Shutting down and abandoning module AITestSuite (393)
[2019.12.14-15.28.17:150][963]LogModuleManager: Shutting down and abandoning module NavigationSystem (391)
[2019.12.14-15.28.17:150][963]LogModuleManager: Shutting down and abandoning module OculusMR (388)
[2019.12.14-15.28.17:150][963]LogModuleManager: Shutting down and abandoning module WmfMediaFactory (386)
[2019.12.14-15.28.17:150][963]LogModuleManager: Shutting down and abandoning module WebMMediaFactory (384)
[2019.12.14-15.28.17:150][963]LogModuleManager: Shutting down and abandoning module WebMMedia (382)
[2019.12.14-15.28.17:150][963]LogModuleManager: Shutting down and abandoning module OpenExrWrapper (380)
[2019.12.14-15.28.17:150][963]LogModuleManager: Shutting down and abandoning module ImgMediaFactory (378)
[2019.12.14-15.28.17:150][963]LogModuleManager: Shutting down and abandoning module AvfMediaFactory (376)
[2019.12.14-15.28.17:150][963]LogModuleManager: Shutting down and abandoning module MagicLeapCameraPreviewFactory (374)
[2019.12.14-15.28.17:150][963]LogModuleManager: Shutting down and abandoning module MagicLeapMediaCodecFactory (372)
[2019.12.14-15.28.17:150][963]LogModuleManager: Shutting down and abandoning module MagicLeapMediaFactory (370)
[2019.12.14-15.28.17:151][963]LogModuleManager: Shutting down and abandoning module CharacterAI (368)
[2019.12.14-15.28.17:151][963]LogModuleManager: Shutting down and abandoning module SessionServices (366)
[2019.12.14-15.28.17:151][963]LogModuleManager: Shutting down and abandoning module MovieSceneCapture (364)
[2019.12.14-15.28.17:151][963]LogModuleManager: Shutting down and abandoning module LiveCoding (362)
[2019.12.14-15.28.17:151][963]LogModuleManager: Shutting down and abandoning module LevelSequence (360)
[2019.12.14-15.28.17:151][963]LogModuleManager: Shutting down and abandoning module MovieSceneTracks (358)
[2019.12.14-15.28.17:151][963]LogModuleManager: Shutting down and abandoning module MovieScene (356)
[2019.12.14-15.28.17:151][963]LogModuleManager: Shutting down and abandoning module StreamingPauseRendering (354)
[2019.12.14-15.28.17:151][963]LogModuleManager: Shutting down and abandoning module PortalServices (352)
[2019.12.14-15.28.17:151][963]LogModuleManager: Shutting down and abandoning module PortalRpc (350)
[2019.12.14-15.28.17:151][963]LogModuleManager: Shutting down and abandoning module MessagingRpc (348)
[2019.12.14-15.28.17:151][963]LogModuleManager: Shutting down and abandoning module ImageWriteQueue (346)
[2019.12.14-15.28.17:156][963]LogModuleManager: Shutting down and abandoning module ProfilerService (344)
[2019.12.14-15.28.17:295][963]LogModuleManager: Shutting down and abandoning module TaskGraph (342)
[2019.12.14-15.28.17:295][963]LogModuleManager: Shutting down and abandoning module ProceduralMeshComponent (340)
[2019.12.14-15.28.17:295][963]LogModuleManager: Shutting down and abandoning module OculusInput (338)
[2019.12.14-15.28.17:295][963]LogModuleManager: Shutting down and abandoning module MobilePatchingUtils (336)
[2019.12.14-15.28.17:295][963]LogModuleManager: Shutting down and abandoning module EditableMesh (334)
[2019.12.14-15.28.17:295][963]LogModuleManager: Shutting down and abandoning module CustomMeshComponent (332)
[2019.12.14-15.28.17:295][963]LogModuleManager: Shutting down and abandoning module CableComponent (330)
[2019.12.14-15.28.17:295][963]LogModuleManager: Shutting down and abandoning module AudioCapture (328)
[2019.12.14-15.28.17:295][963]LogModuleManager: Shutting down and abandoning module ArchVisCharacter (326)
[2019.12.14-15.28.17:295][963]LogModuleManager: Shutting down and abandoning module AppleImageUtilsBlueprintSupport (324)
[2019.12.14-15.28.17:295][963]LogModuleManager: Shutting down and abandoning module AppleImageUtils (322)
[2019.12.14-15.28.17:295][963]LogModuleManager: Shutting down and abandoning module AndroidPermission (320)
[2019.12.14-15.28.17:295][963]LogModuleManager: Shutting down and abandoning module NUTUnrealEngine4 (318)
[2019.12.14-15.28.17:295][963]LogModuleManager: Shutting down and abandoning module NetcodeUnitTest (316)
[2019.12.14-15.28.17:295][963]LogModuleManager: Shutting down and abandoning module MediaCompositing (314)
[2019.12.14-15.28.17:295][963]LogModuleManager: Shutting down and abandoning module ImgMedia (312)
[2019.12.14-15.28.17:295][963]LogModuleManager: Shutting down and abandoning module MagicLeapHelperVulkan (310)
[2019.12.14-15.28.17:296][963]LogModuleManager: Shutting down and abandoning module MagicLeapHelperOpenGL (308)
[2019.12.14-15.28.17:296][963]LogModuleManager: Shutting down and abandoning module MagicLeapAudio (306)
[2019.12.14-15.28.17:296][963]LogModuleManager: Shutting down and abandoning module HTML5Networking (304)
[2019.12.14-15.28.17:296][963]LogModuleManager: Shutting down and abandoning module GeometryCacheTracks (302)
[2019.12.14-15.28.17:296][963]LogModuleManager: Shutting down and abandoning module GeometryCacheSequencer (301)
[2019.12.14-15.28.17:296][963]LogModuleManager: Shutting down and abandoning module GeometryCache (298)
[2019.12.14-15.28.17:296][963]LogModuleManager: Shutting down and abandoning module GeometryCacheEd (297)
[2019.12.14-15.28.17:296][963]LogModuleManager: Shutting down and abandoning module BackChannel (294)
[2019.12.14-15.28.17:296][963]LogModuleManager: Shutting down and abandoning module AutomationUtils (292)
[2019.12.14-15.28.17:296][963]LogModuleManager: Shutting down and abandoning module VariantManagerContent (290)
[2019.12.14-15.28.17:296][963]LogModuleManager: Shutting down and abandoning module CryptoKeysOpenSSL (288)
[2019.12.14-15.28.17:296][963]LogModuleManager: Shutting down and abandoning module CryptoKeys (286)
[2019.12.14-15.28.17:296][963]LogModuleManager: Shutting down and abandoning module VisualStudioSourceCodeAccess (284)
[2019.12.14-15.28.17:296][963]LogModuleManager: Shutting down and abandoning module HotReload (283)
[2019.12.14-15.28.17:296][963]LogModuleManager: Shutting down and abandoning module DirectoryWatcher (282)
[2019.12.14-15.28.17:296][963]LogModuleManager: Shutting down and abandoning module VisualStudioCodeSourceCodeAccess (278)
[2019.12.14-15.28.17:296][963]LogModuleManager: Shutting down and abandoning module UObjectPlugin (276)
[2019.12.14-15.28.17:297][963]LogModuleManager: Shutting down and abandoning module SubversionSourceControl (274)
[2019.12.14-15.28.17:297][963]LogModuleManager: Shutting down and abandoning module PerforceSourceControl (272)
[2019.12.14-15.28.17:297][963]LogModuleManager: Shutting down and abandoning module SourceControl (271)
[2019.12.14-15.28.17:297][963]LogModuleManager: Shutting down and abandoning module CLionSourceCodeAccess (268)
[2019.12.14-15.28.17:297][963]LogModuleManager: Shutting down and abandoning module ActorLayerUtilities (266)
[2019.12.14-15.28.17:297][963]LogModuleManager: Shutting down and abandoning module JingleJamSandwich (264)
[2019.12.14-15.28.17:297][963]LogModuleManager: Shutting down and abandoning module SignificanceManager (262)
[2019.12.14-15.28.17:297][963]LogModuleManager: Shutting down and abandoning module RuntimePhysXCooking (260)
[2019.12.14-15.28.17:297][963]LogModuleManager: Shutting down and abandoning module PhysXVehiclesEditor (258)
[2019.12.14-15.28.17:297][963]LogModuleManager: Shutting down and abandoning module LocationServicesBPLibrary (254)
[2019.12.14-15.28.17:297][963]LogModuleManager: Shutting down and abandoning module ActorSequence (252)
[2019.12.14-15.28.17:297][963]LogModuleManager: Shutting down and abandoning module UdpMessaging (250)
[2019.12.14-15.28.17:297][963]LogModuleManager: Shutting down and abandoning module TcpMessaging (248)
[2019.12.14-15.28.17:297][963]LogModuleManager: Shutting down and abandoning module MagicLeapIdentity (246)
[2019.12.14-15.28.17:297][963]LogModuleManager: Shutting down and abandoning module MagicLeapSecureStorage (244)
[2019.12.14-15.28.17:297][963]LogModuleManager: Shutting down and abandoning module MagicLeapHandTracking (242)
[2019.12.14-15.28.17:297][963]LogModuleManager: Shutting down and abandoning module MagicLeapEyeTracker (240)
[2019.12.14-15.28.17:297][963]LogModuleManager: Shutting down and abandoning module MagicLeapController (238)
[2019.12.14-15.28.17:297][963]LogSlate: Slate User Destroyed.  User Index 0, Is Virtual User: 0
[2019.12.14-15.28.17:297][963]LogModuleManager: Shutting down and abandoning module MagicLeapAR (236)
[2019.12.14-15.28.17:297][963]LogModuleManager: Shutting down and abandoning module AugmentedReality (235)
[2019.12.14-15.28.17:298][963]LogModuleManager: Shutting down and abandoning module GameplayTagsEditor (232)
[2019.12.14-15.28.17:298][963]LogModuleManager: Shutting down and abandoning module FacialAnimation (230)
[2019.12.14-15.28.17:298][963]LogModuleManager: Shutting down and abandoning module AssetManagerEditor (228)
[2019.12.14-15.28.17:298][963]LogModuleManager: Shutting down and abandoning module TreeMap (227)
[2019.12.14-15.28.17:298][963]LogModuleManager: Shutting down and abandoning module AnimationSharing (224)
[2019.12.14-15.28.17:298][963]LogModuleManager: Shutting down and abandoning module LightPropagationVolumeRuntime (222)
[2019.12.14-15.28.17:298][963]LogModuleManager: Shutting down and abandoning module Paper2D (220)
[2019.12.14-15.28.17:298][963]LogModuleManager: Shutting down and abandoning module WindowsMoviePlayer (218)
[2019.12.14-15.28.17:299][963]LogModuleManager: Shutting down and abandoning module WebMMoviePlayer (216)
[2019.12.14-15.28.17:299][963]LogModuleManager: Shutting down and abandoning module NetworkReplayStreaming (214)
[2019.12.14-15.28.17:299][963]LogModuleManager: Shutting down and abandoning module PacketHandler (212)
[2019.12.14-15.28.17:299][963]LogModuleManager: Shutting down and abandoning module ClothingSystemEditor (210)
[2019.12.14-15.28.17:299][963]LogModuleManager: Shutting down and abandoning module ClothingSystemRuntime (208)
[2019.12.14-15.28.17:299][963]LogModuleManager: Shutting down and abandoning module MediaAssets (206)
[2019.12.14-15.28.17:300][963]LogModuleManager: Shutting down and abandoning module Overlay (204)
[2019.12.14-15.28.17:300][963]LogModuleManager: Shutting down and abandoning module OverlayEditor (203)
[2019.12.14-15.28.17:300][963]LogModuleManager: Shutting down and abandoning module VREditor (200)
[2019.12.14-15.28.17:300][963]LogModuleManager: Shutting down and abandoning module StringTableEditor (198)
[2019.12.14-15.28.17:300][963]LogModuleManager: Shutting down and abandoning module GameplayTasksEditor (196)
[2019.12.14-15.28.17:300][963]LogModuleManager: Shutting down and abandoning module BehaviorTreeEditor (194)
[2019.12.14-15.28.17:300][963]LogModuleManager: Shutting down and abandoning module FunctionalTesting (192)
[2019.12.14-15.28.17:300][963]LogModuleManager: Shutting down and abandoning module CollisionAnalyzer (190)
[2019.12.14-15.28.17:300][963]LogModuleManager: Shutting down and abandoning module WorkspaceMenuStructure (189)
[2019.12.14-15.28.17:300][963]LogModuleManager: Shutting down and abandoning module UMG (186)
[2019.12.14-15.28.17:300][963]LogModuleManager: Shutting down and abandoning module UMGEditor (185)
[2019.12.14-15.28.17:300][963]LogModuleManager: Shutting down and abandoning module Sequencer (184)
[2019.12.14-15.28.17:300][963]LogModuleManager: Shutting down and abandoning module MessageLog (181)
[2019.12.14-15.28.17:300][963]LogModuleManager: Shutting down and abandoning module SlateReflector (176)
[2019.12.14-15.28.17:300][963]LogModuleManager: Shutting down and abandoning module Slate (174)
[2019.12.14-15.28.17:300][963]LogModuleManager: Shutting down and abandoning module LandscapeEditorUtilities (172)
[2019.12.14-15.28.17:300][963]LogModuleManager: Shutting down and abandoning module EditorStyle (170)
[2019.12.14-15.28.17:301][963]LogModuleManager: Shutting down and abandoning module UnrealEd (168)
[2019.12.14-15.28.17:301][963]LogModuleManager: Shutting down and abandoning module MRMesh (166)
[2019.12.14-15.28.17:301][963]LogModuleManager: Shutting down and abandoning module Messaging (164)
[2019.12.14-15.28.17:301][963]LogModuleManager: Shutting down and abandoning module SourceCodeAccess (162)
[2019.12.14-15.28.17:301][963]LogModuleManager: Shutting down and abandoning module HeadMountedDisplay (160)
[2019.12.14-15.28.17:301][963]LogModuleManager: Shutting down and abandoning module XAudio2 (158)
[2019.12.14-15.28.17:301][963]LogModuleManager: Shutting down and abandoning module Networking (156)
[2019.12.14-15.28.17:301][963]LogModuleManager: Shutting down and abandoning module Core (154)
[2019.12.14-15.28.17:302][963]LogModuleManager: Shutting down and abandoning module KismetCompiler (152)
[2019.12.14-15.28.17:302][963]LogModuleManager: Shutting down and abandoning module MeshUtilities (150)
[2019.12.14-15.28.17:302][963]LogModuleManager: Shutting down and abandoning module MeshMergeUtilities (149)
[2019.12.14-15.28.17:302][963]LogModuleManager: Shutting down and abandoning module MeshReductionInterface (148)
[2019.12.14-15.28.17:302][963]LogModuleManager: Shutting down and abandoning module SkeletalMeshReduction (147)
[2019.12.14-15.28.17:302][963]LogModuleManager: Shutting down and abandoning module ProxyLODMeshReduction (145)
[2019.12.14-15.28.17:302][963]LogModuleManager: Shutting down and abandoning module QuadricMeshReduction (143)
[2019.12.14-15.28.17:302][963]LogModuleManager: Shutting down and abandoning module MaterialBaking (139)
[2019.12.14-15.28.17:302][963]LogModuleManager: Shutting down and abandoning module NullInstallBundleManager (134)
[2019.12.14-15.28.17:302][963]LogModuleManager: Shutting down and abandoning module PIEPreviewDeviceProfileSelector (132)
[2019.12.14-15.28.17:302][963]LogModuleManager: Shutting down and abandoning module DerivedDataCache (130)
[2019.12.14-15.28.17:501][963]LogDerivedDataCache: Shutdown
[2019.12.14-15.28.17:501][963]LogModuleManager: Shutting down and abandoning module XGEController (128)
[2019.12.14-15.28.17:501][963]LogXGEController: Cleaning working directory: C:/Users/isaac/AppData/Local/Temp/UnrealXGEWorkingDir/
[2019.12.14-15.28.17:501][963]LogModuleManager: Shutting down and abandoning module TargetPlatform (126)
[2019.12.14-15.28.17:501][963]LogModuleManager: Shutting down and abandoning module VulkanShaderFormat (125)
[2019.12.14-15.28.17:501][963]LogModuleManager: Shutting down and abandoning module ShaderFormatVectorVM (123)
[2019.12.14-15.28.17:501][963]LogModuleManager: Shutting down and abandoning module ShaderFormatOpenGL (121)
[2019.12.14-15.28.17:502][963]LogModuleManager: Shutting down and abandoning module ShaderFormatD3D (119)
[2019.12.14-15.28.17:502][963]LogModuleManager: Shutting down and abandoning module MetalShaderFormat (117)
[2019.12.14-15.28.17:502][963]LogModuleManager: Shutting down and abandoning module TextureFormatUncompressed (115)
[2019.12.14-15.28.17:502][963]LogModuleManager: Shutting down and abandoning module TextureFormatPVR (113)
[2019.12.14-15.28.17:503][963]LogModuleManager: Shutting down and abandoning module TextureFormatDXT (111)
[2019.12.14-15.28.17:503][963]LogModuleManager: Shutting down and abandoning module TextureFormatIntelISPCTexComp (109)
[2019.12.14-15.28.17:504][963]LogModuleManager: Shutting down and abandoning module TextureFormatASTC (107)
[2019.12.14-15.28.17:504][963]LogModuleManager: Shutting down and abandoning module ImageWrapper (106)
[2019.12.14-15.28.17:504][963]LogModuleManager: Shutting down and abandoning module TextureFormatAndroid (103)
[2019.12.14-15.28.17:504][963]LogModuleManager: Shutting down and abandoning module AudioFormatOpus (101)
[2019.12.14-15.28.17:504][963]LogModuleManager: Shutting down and abandoning module AudioFormatOgg (99)
[2019.12.14-15.28.17:504][963]LogModuleManager: Shutting down and abandoning module AudioFormatADPCM (97)
[2019.12.14-15.28.17:504][963]LogModuleManager: Shutting down and abandoning module WindowsTargetPlatform (95)
[2019.12.14-15.28.17:504][963]LogModuleManager: Shutting down and abandoning module WindowsServerTargetPlatform (93)
[2019.12.14-15.28.17:504][963]LogModuleManager: Shutting down and abandoning module WindowsNoEditorTargetPlatform (91)
[2019.12.14-15.28.17:504][963]LogModuleManager: Shutting down and abandoning module WindowsClientTargetPlatform (89)
[2019.12.14-15.28.17:504][963]LogModuleManager: Shutting down and abandoning module InputCore (86)
[2019.12.14-15.28.17:504][963]LogModuleManager: Shutting down and abandoning module Settings (84)
[2019.12.14-15.28.17:504][963]LogModuleManager: Shutting down and abandoning module PhysXCooking (82)
[2019.12.14-15.28.17:504][963]LogModuleManager: Shutting down and abandoning module WindowsPlatformFeatures (80)
[2019.12.14-15.28.17:504][963]LogModuleManager: Shutting down and abandoning module GameplayMediaEncoder (79)
[2019.12.14-15.28.17:504][963]LogModuleManager: Shutting down and abandoning module OculusHMD (76)
[2019.12.14-15.28.17:504][963]LogModuleManager: Shutting down and abandoning module ExampleDeviceProfileSelector (74)
[2019.12.14-15.28.17:505][963]LogModuleManager: Shutting down and abandoning module LauncherChunkInstaller (72)
[2019.12.14-15.28.17:505][963]LogModuleManager: Shutting down and abandoning module OnlineBlueprintSupport (70)
[2019.12.14-15.28.17:505][963]LogModuleManager: Shutting down and abandoning module OnlineSubsystem (66)
[2019.12.14-15.28.17:507][963]LogModuleManager: Shutting down and abandoning module XMPP (61)
[2019.12.14-15.28.17:507][963]LogModuleManager: Shutting down and abandoning module WebSockets (60)
[2019.12.14-15.28.17:539][963]LogModuleManager: Shutting down and abandoning module HTTP (57)
[2019.12.14-15.28.17:542][963]LogModuleManager: Shutting down and abandoning module SSL (56)
[2019.12.14-15.28.17:543][963]LogModuleManager: Shutting down and abandoning module WmfMedia (52)
[2019.12.14-15.28.17:545][963]LogModuleManager: Shutting down and abandoning module Media (51)
[2019.12.14-15.28.17:546][963]LogModuleManager: Shutting down and abandoning module MagicLeap (48)
[2019.12.14-15.28.17:546][963]LogModuleManager: Shutting down and abandoning module DatasmithContent (46)
[2019.12.14-15.28.17:547][963]LogModuleManager: Shutting down and abandoning module AISupportModule (44)
[2019.12.14-15.28.17:547][963]LogModuleManager: Shutting down and abandoning module PlatformCryptoOpenSSL (42)
[2019.12.14-15.28.17:547][963]LogModuleManager: Shutting down and abandoning module PlatformCrypto (40)
[2019.12.14-15.28.17:547][963]LogModuleManager: Shutting down and abandoning module AnimationModifiers (38)
[2019.12.14-15.28.17:547][963]LogModuleManager: Shutting down and abandoning module PropertyEditor (37)
[2019.12.14-15.28.17:547][963]LogModuleManager: Shutting down and abandoning module AudioEditor (34)
[2019.12.14-15.28.17:548][963]LogModuleManager: Shutting down and abandoning module TextureCompressor (32)
[2019.12.14-15.28.17:548][963]LogModuleManager: Shutting down and abandoning module RenderCore (30)
[2019.12.14-15.28.17:549][963]LogModuleManager: Shutting down and abandoning module Landscape (28)
[2019.12.14-15.28.17:549][963]LogModuleManager: Shutting down and abandoning module SlateRHIRenderer (26)
[2019.12.14-15.28.17:549][963]LogModuleManager: Shutting down and abandoning module OpenGLDrv (24)
[2019.12.14-15.28.17:549][963]LogModuleManager: Shutting down and abandoning module D3D11RHI (22)
[2019.12.14-15.28.17:549][963]LogModuleManager: Shutting down and abandoning module AnimGraphRuntime (20)
[2019.12.14-15.28.17:549][963]LogModuleManager: Shutting down and abandoning module Renderer (18)
[2019.12.14-15.28.17:549][963]LogModuleManager: Shutting down and abandoning module Engine (16)
[2019.12.14-15.28.17:549][963]LogModuleManager: Shutting down and abandoning module CoreUObject (14)
[2019.12.14-15.28.17:550][963]LogModuleManager: Shutting down and abandoning module NetworkFile (12)
[2019.12.14-15.28.17:550][963]LogModuleManager: Shutting down and abandoning module CookedIterativeFile (10)
[2019.12.14-15.28.17:550][963]LogModuleManager: Shutting down and abandoning module StreamingFile (8)
[2019.12.14-15.28.17:550][963]LogModuleManager: Shutting down and abandoning module SandboxFile (6)
[2019.12.14-15.28.17:550][963]LogModuleManager: Shutting down and abandoning module PakFile (4)
[2019.12.14-15.28.17:550][963]LogModuleManager: Shutting down and abandoning module RSA (3)
[2019.12.14-15.28.17:550][963]LogD3D11RHI: Shutdown
[2019.12.14-15.28.17:550][963]LogD3D11RHI: CleanupD3DDevice
[2019.12.14-15.28.17:550][963]LogRendererCore: FGlobalDynamicReadBuffer::Cleanup()
[2019.12.14-15.28.17:550][963]LogRendererCore: FGlobalDynamicReadBuffer::Cleanup()
[2019.12.14-15.28.17:551][963]LogRendererCore: FGlobalDynamicReadBuffer::Cleanup()
[2019.12.14-15.28.17:591][963]LogD3D11RHI: ~FD3D11DynamicRHI
[2019.12.14-15.28.17:602][963]LogExit: Exiting.
[2019.12.14-15.28.17:656][963]Log file closed, 12/14/19 15:28:17
